\BOOKMARK [0][-]{Doc-Start}{Title}{}% 1
\BOOKMARK [0][-]{chapter*.1}{Contents}{}% 2
\BOOKMARK [0][-]{chapter*.2}{List of Figures}{}% 3
\BOOKMARK [0][-]{chapter*.3}{List of Tables}{}% 4
\BOOKMARK [0][-]{chapter*.4}{List of Algorithms}{}% 5
\BOOKMARK [0][-]{chapter*.5}{Document Preparation and Updates}{}% 6
\BOOKMARK [0][-]{chapter.1}{Evolutionary Algorithms - Text Chapter 3}{}% 7
\BOOKMARK [1][-]{section.1.1}{Problem 1 \0402}{chapter.1}% 8
\BOOKMARK [1][-]{section.1.2}{Problem 7}{chapter.1}% 9
\BOOKMARK [0][-]{chapter.2}{Artificial Neural Networks - Text Chapter 4}{}% 10
\BOOKMARK [1][-]{section.2.1}{Problem 17}{chapter.2}% 11
\BOOKMARK [2][-]{subsection.2.1.1}{Background}{section.2.1}% 12
\BOOKMARK [2][-]{subsection.2.1.2}{Algorithm}{section.2.1}% 13
\BOOKMARK [2][-]{subsection.2.1.3}{Results}{section.2.1}% 14
\BOOKMARK [0][-]{chapter.3}{Swarms - Text Chapter 5}{}% 15
\BOOKMARK [1][-]{section.3.1}{Problem 1}{chapter.3}% 16
\BOOKMARK [2][-]{subsection.3.1.1}{Background}{section.3.1}% 17
\BOOKMARK [2][-]{subsection.3.1.2}{Algorithm}{section.3.1}% 18
\BOOKMARK [2][-]{subsection.3.1.3}{Hypothesis}{section.3.1}% 19
\BOOKMARK [2][-]{subsection.3.1.4}{Results}{section.3.1}% 20
\BOOKMARK [1][-]{section.3.2}{Problem 8}{chapter.3}% 21
\BOOKMARK [0][-]{chapter.4}{Immunocomputing - Text Chapter 6}{}% 22
\BOOKMARK [1][-]{section.4.1}{Problem 1}{chapter.4}% 23
\BOOKMARK [0][-]{chapter.5}{Latex}{}% 24
\BOOKMARK [1][-]{section.5.1}{Some LaTeX }{chapter.5}% 25
\BOOKMARK [1][-]{section.5.2}{Section\0431 }{chapter.5}% 26
\BOOKMARK [2][-]{subsection.5.2.1}{Subsection \0431}{section.5.2}% 27
\BOOKMARK [2][-]{subsection.5.2.2}{Code Details}{section.5.2}% 28
\BOOKMARK [1][-]{section.5.3}{Section \0432}{chapter.5}% 29
\BOOKMARK [0][-]{section.5.3}{Bibliography}{}% 30
\BOOKMARK [0][-]{appendix.A}{Supporting Materials}{}% 31
\BOOKMARK [0][-]{appendix.B}{Code}{}% 32
\BOOKMARK [0][-]{appendix*.6}{LaTeX Example}{}% 33
\BOOKMARK [1][-]{section.B.1}{Introduction}{appendix*.6}% 34
\BOOKMARK [1][-]{section.B.2}{Ordinary Text}{appendix*.6}% 35
\BOOKMARK [1][-]{section.B.3}{Displayed Text}{appendix*.6}% 36
\BOOKMARK [1][-]{section.B.4}{Build process}{appendix*.6}% 37
